2019-10-18 15:44:42,967 - Main - INFO - SCRIPT Started
2019-10-18 15:44:42,969 - Main - INFO - Result  File : C:\Softwares_mine\newcode_download\PRODUCTION_UPGRADE_TOOL/LOGS/10.91.127.194_2019_10_18_15_44_42//RESULT.csv
2019-10-18 15:44:42,970 - Main - INFO - LOG FILES Path: C:\Softwares_mine\newcode_download\PRODUCTION_UPGRADE_TOOL/LOGS/10.91.127.194_2019_10_18_15_44_42/
2019-10-18 15:45:46,025 - Main - INFO - DAY :1
2019-10-18 15:45:46,026 - Main - INFO - Batch : 1
2019-10-18 15:45:46,026 - Main - INFO - BELOW ARE THE CPEs going for Upgrade:
2019-10-18 15:45:46,028 - Main - INFO - <><><><><><><><><><><><><><><><><><><><><><><><><><><><><><><><><><><><><><><><><><><><><><><><><><>
2019-10-18 15:45:46,036 - Main - INFO - CPE-14
2019-10-18 15:45:46,036 - Main - INFO - CPE-50
2019-10-18 15:45:46,036 - Main - INFO - CPE1-SIN-HYBRID
2019-10-18 15:45:46,038 - Main - INFO - CPE16-SIN-MPLSONLY
2019-10-18 15:45:46,039 - Main - INFO - CPE19
2019-10-18 15:45:46,039 - Main - INFO - CPE19-Test
2019-10-18 15:45:46,039 - Main - INFO - CPE20
2019-10-18 15:45:46,039 - Main - INFO - CPE22HKG-HYBRID
2019-10-18 15:45:46,040 - Main - INFO - CPE23-SIN-HYBRID
2019-10-18 15:45:46,042 - Main - INFO - CPE25-Performance-DUT
2019-10-18 15:45:46,042 - Main - INFO - CPE26-HKG2-DUAL-HYB-IPC00194
2019-10-18 15:45:46,042 - Main - INFO - CPE27-HKG2-SINGLE-CPE-DUAL-INTERNET18
2019-10-18 15:45:46,043 - Main - INFO - CPE31-Performance-810
2019-10-18 15:45:46,043 - Main - INFO - CPE4-SIN-HYBRID
2019-10-18 15:45:46,046 - Main - INFO - <><><><><><><><><><><><><><><><><><><><><><><><><><><><><><><><><><><><><><><><><><><><><><><><><><>
2019-10-18 15:45:51,881 - Main - INFO - 
2019-10-18 15:45:58,503 - Main - INFO - CPE-14 : device already running with same package
2019-10-18 15:46:13,934 - Main - INFO - CPE-50 : device already running with same package
2019-10-18 15:46:15,341 - Main - INFO - CPE1-SIN-HYBRID : device already running with same package
2019-10-18 15:46:16,548 - Main - INFO - CPE16-SIN-MPLSONLY : device already running with same package
