2019-10-22 13:41:53,700 - CPE5 - DEBUG - CMD>> : show system package-info | tab
2019-10-22 13:41:53,773 - CPE5 - DEBUG - CMD>> : show system package-info | tab
2019-10-22 13:41:53,776 - CPE5 - DEBUG - CMD>> : show system package-info | tab
2019-10-22 13:41:53,792 - CPE5 - DEBUG - CMD>> : show system package-info | tab
2019-10-22 13:41:53,881 - CPE5 - DEBUG - CMD>> : show system package-info | tab
2019-10-22 13:41:54,378 - CPE5 - DEBUG - show system package-info | tab
PACKAGE                                                                                   BUILD                   
ID       MAJOR  MINOR  DATE      PACKAGE NAME                                    RELTYPE  TYPE   BRANCH  CREATOR  
------------------------------------------------------------------------------------------------------------------
80561de  16     1      20190628  versa-flexvnf-20190628-153900-80561de-16.1R2S9  R2       S9     16.1R2  jenkins  

[ok][2019-10-22 08:11:56]
admin@CPE26-HKG2-DUAL-HYB-IPC00194-cli> 
2019-10-22 13:41:54,380 - CPE5 - DEBUG - show system package-info | tab
PACKAGE                                                                                   BUILD                   
ID       MAJOR  MINOR  DATE      PACKAGE NAME                                    RELTYPE  TYPE   BRANCH  CREATOR  
------------------------------------------------------------------------------------------------------------------
80561de  16     1      20190628  versa-flexvnf-20190628-153900-80561de-16.1R2S9  R2       S9     16.1R2  jenkins  

[ok][2019-10-22 08:11:45]
admin@CPE27-HKG2-SINGLE-CPE-DUAL-INTERNET18-cli> 
2019-10-22 13:41:54,384 - CPE5 - DEBUG - CMD>> : request system create-snapshot description PRE-UPGRADE-2019-10-22-13:41:54 no-confirm
2019-10-22 13:41:54,384 - CPE5 - DEBUG - CMD>> : request system create-snapshot description PRE-UPGRADE-2019-10-22-13:41:54 no-confirm
2019-10-22 13:41:54,483 - CPE5 - DEBUG - show system package-info | tab
PACKAGE                                                                                   BUILD                   
ID       MAJOR  MINOR  DATE      PACKAGE NAME                                    RELTYPE  TYPE   BRANCH  CREATOR  
------------------------------------------------------------------------------------------------------------------
80561de  16     1      20190628  versa-flexvnf-20190628-153900-80561de-16.1R2S9  R2       S9     16.1R2  jenkins  

[ok][2019-10-22 08:11:46]
admin@CPE31-Performance-810-cli> 
2019-10-22 13:41:54,483 - CPE5 - DEBUG - CMD>> : request system create-snapshot description PRE-UPGRADE-2019-10-22-13:41:54 no-confirm
2019-10-22 13:41:54,506 - CPE5 - DEBUG - show system package-info | tab
PACKAGE                                                                                   BUILD                   
ID       MAJOR  MINOR  DATE      PACKAGE NAME                                    RELTYPE  TYPE   BRANCH  CREATOR  
------------------------------------------------------------------------------------------------------------------
80561de  16     1      20190628  versa-flexvnf-20190628-153900-80561de-16.1R2S9  R2       S9     16.1R2  jenkins  

[ok][2019-10-22 07:39:25]
admin@CPE4-SIN-HYBRID-cli> 
2019-10-22 13:41:54,506 - CPE5 - DEBUG - CMD>> : request system create-snapshot description PRE-UPGRADE-2019-10-22-13:41:54 no-confirm
2019-10-22 13:41:54,595 - CPE5 - DEBUG - show system package-info | tab
PACKAGE                                                                                   BUILD                   
ID       MAJOR  MINOR  DATE      PACKAGE NAME                                    RELTYPE  TYPE   BRANCH  CREATOR  
------------------------------------------------------------------------------------------------------------------
80561de  16     1      20190628  versa-flexvnf-20190628-153900-80561de-16.1R2S9  R2       S9     16.1R2  jenkins  

[ok][2019-10-22 08:11:49]
admin@CPE25-Performance-DUT-cli> 
2019-10-22 13:41:54,595 - CPE5 - DEBUG - CMD>> : request system create-snapshot description PRE-UPGRADE-2019-10-22-13:41:54 no-confirm
2019-10-22 13:41:55,789 - CPE5 - DEBUG - request system create-snapshot description PRE-UPGRADE-2019-10-22-13:41:54 no-confirm
status  System state saved (PRE-UPGRADE-2019-10-22-13:41:54) 
[ok][2019-10-22 08:11:57]
admin@CPE26-HKG2-DUAL-HYB-IPC00194-cli> 
2019-10-22 13:41:55,789 - CPE5 - INFO - CMD>> : show system snapshots | tab | match PRE-UPGRADE-2019-10-22-13:41:54
2019-10-22 13:41:55,992 - CPE5 - DEBUG - request system create-snapshot  description PRE-UPGRADE-2019-10-22-13:41:54 no-confirm
status  System state saved (PRE-UPGRADE-2019-10-22-13:41:54) 
[ok][2019-10-22 08:11:47]
admin@CPE27-HKG2-SINGLE-CPE-DUAL-INTERNET18-cli> 
2019-10-22 13:41:55,992 - CPE5 - INFO - CMD>> : show system snapshots | tab | match PRE-UPGRADE-2019-10-22-13:41:54
2019-10-22 13:41:56,091 - CPE5 - DEBUG - request system create-snapshot description PRE-UPGRADE-2019-10-22-13:41:54 no-confirm
status  System state saved (PRE-UPGRADE-2019-10-22-13:41:54) 
[ok][2019-10-22 08:11:48]
admin@CPE31-Performance-810-cli> 
2019-10-22 13:41:56,091 - CPE5 - INFO - CMD>> : show system snapshots | tab | match PRE-UPGRADE-2019-10-22-13:41:54
2019-10-22 13:41:56,098 - CPE5 - DEBUG - CMD>> : show system package-info | tab
2019-10-22 13:41:56,112 - CPE5 - DEBUG - request system create-snapshot description PRE-UPGRADE-2019-10-22-13:41:54 no-confirm
status  System state saved (PRE-UPGRADE-2019-10-22-13:41:54) 
[ok][2019-10-22 07:39:27]
admin@CPE4-SIN-HYBRID-cli> 
2019-10-22 13:41:56,112 - CPE5 - INFO - CMD>> : show system snapshots | tab | match PRE-UPGRADE-2019-10-22-13:41:54
2019-10-22 13:41:56,400 - CPE5 - DEBUG - request system create-snapshot description PRE-UPGRADE-2019-10-22-13:41:54 no-confirm
status  System state saved (PRE-UPGRADE-2019-10-22-13:41:54) 
[ok][2019-10-22 08:11:51]
admin@CPE25-Performance-DUT-cli> 
2019-10-22 13:41:56,400 - CPE5 - INFO - CMD>> : show system snapshots | tab | match PRE-UPGRADE-2019-10-22-13:41:54
2019-10-22 13:41:56,594 - CPE5 - INFO - show system snapshots | tab | match PRE-UPGRADE-2019-10-22-13:41:54
20191022T081157  versa-flexvnf-20190628-153900-80561de-16.1R2S9  PRE-UPGRADE-2019-10-22-13:41:54  user      
[ok][2019-10-22 08:11:58]
admin@CPE26-HKG2-DUAL-HYB-IPC00194-cli> 
2019-10-22 13:41:56,795 - CPE5 - INFO - show system snapshots | tab | match PRE-UPGRADE-2019-10-22-13:41:54
20191022T081146  versa-flexvnf-20190628-153900-80561de-16.1R2S9        PRE-UPGRADE-2019-10-22-13:41:54    user      
[ok][2019-10-22 08:11:48]
admin@CPE27-HKG2-SINGLE-CPE-DUAL-INTERNET18-cli> 
2019-10-22 13:41:56,894 - CPE5 - INFO - show system snapshots | tab | match PRE-UPGRADE-2019-10-22-13:41:54
20191022T081147  versa-flexvnf-20190628-153900-80561de-16.1R2S9    PRE-UPGRADE-2019-10-22-13:41:54  user      
[ok][2019-10-22 08:11:48]
admin@CPE31-Performance-810-cli> 
2019-10-22 13:41:56,915 - CPE5 - INFO - show system snapshots | tab | match PRE-UPGRADE-2019-10-22-13:41:54
20191022T073926  versa-flexvnf-20190628-153900-80561de-16.1R2S9    PRE-UPGRADE-2019-10-22-13:41:54  user      
[ok][2019-10-22 07:39:28]
admin@CPE4-SIN-HYBRID-cli> 
2019-10-22 13:41:57,203 - CPE5 - INFO - show system snapshots | tab | match PRE-UPGRADE-2019-10-22-13:41:54
20191022T081150  versa-flexvnf-20190628-153900-80561de-16.1R2S9    PRE-UPGRADE-2019-10-22-13:41:54   user      
[ok][2019-10-22 08:11:52]
admin@CPE25-Performance-DUT-cli> 
2019-10-22 13:42:12,733 - CPE5 - DEBUG - show system package-info | tab
PACKAGE                                                                                   BUILD                   
ID       MAJOR  MINOR  DATE      PACKAGE NAME                                    RELTYPE  TYPE   BRANCH  CREATOR  
------------------------------------------------------------------------------------------------------------------
80561de  16     1      20190628  versa-flexvnf-20190628-153900-80561de-16.1R2S9  R2       S9     16.1R2  jenkins  

[ok][2019-10-22 08:12:11]
admin@CPE-50-cli> 
2019-10-22 13:42:12,733 - CPE5 - DEBUG - CMD>> : request system create-snapshot description PRE-UPGRADE-2019-10-22-13:42:12 no-confirm
2019-10-22 13:42:14,140 - CPE5 - DEBUG - request system create-snapshot description PRE-UPGRADE-2019-10-22-13:42:12 no-confirm
status  System state saved (PRE-UPGRADE-2019-10-22-13:42:12) 
[ok][2019-10-22 08:12:12]
admin@CPE-50-cli> 
2019-10-22 13:42:14,140 - CPE5 - INFO - CMD>> : show system snapshots | tab | match PRE-UPGRADE-2019-10-22-13:42:12
2019-10-22 13:42:21,555 - CPE5 - INFO - show system snapshots | tab | match PRE-UPGRADE-2019-10-22-13:42:12
20191022T081212  versa-flexvnf-20190628-153900-80561de-16.1R2S9  PRE-UPGRADE-2019-10-22-13:42:12  user      
[ok][2019-10-22 08:12:20]
admin@CPE-50-cli> 
